adding D:\doc\ylx_dg.doc
adding D:\doc\ylx_jy0001.doc
adding D:\doc\ylx_jy0201.doc
adding D:\doc\ylx_jy0301.doc
adding D:\doc\ylx_jy0401.doc
adding D:\doc\ylx_jy0501.doc
adding D:\doc\ylx_jy0601.doc
adding D:\doc\ylx_jy0701.doc
adding D:\doc\ylx_jy0801.doc
adding D:\doc\ylx_jy0901.doc
adding D:\doc\ylx_jy1001.doc
adding D:\doc\ylx_jy1101.doc
adding D:\doc\ylx_jy1201.doc
adding D:\doc\ylx_jy1301.doc
adding D:\doc\ylx_jy1401.doc
adding D:\doc\ylx_jy1501.doc
adding D:\doc\ylx_jy1601.doc
adding D:\doc\ylx_jy1701.doc
adding D:\doc\ylx_jy1801.doc
adding D:\doc\ylx_jy1901.doc
adding D:\doc\ylx_jy2001.doc
adding D:\doc\ylx_jy2101.doc
adding D:\doc\ylx_jy2201.doc
adding D:\doc\ylx_jy2301.doc
adding D:\doc\ylx_jy2401.doc
adding D:\doc\ylx_jy2501.doc
adding D:\doc\ylx_jy2601.doc
adding D:\doc\ylx_jy2701.doc
adding D:\doc\ylx_jy2801.doc
adding D:\doc\ylx_jy2901.doc
adding D:\doc\ylx_jy3001.doc
adding D:\doc\ylx_jy3101.doc
adding D:\doc\ylx_jy3201.doc
adding D:\doc\ylx_jy3301.doc
adding D:\doc\ylx_jy3401.doc
adding D:\doc\ylx_jy3501.doc
adding D:\doc\ylx_jy3601.doc
adding D:\doc\ylx_jy3701.doc
adding D:\doc\ylx_lx0101.doc
adding D:\doc\ylx_lx0201.doc
adding D:\doc\ylx_lx0301.doc
adding D:\doc\ylx_lx0401.doc
adding D:\doc\ylx_lx0501.doc
adding D:\doc\ylx_lx0601.doc
adding D:\doc\ylx_lx0701.doc
adding D:\doc\ylx_lx0801.doc
adding D:\doc\ylx_lx0901.doc
adding D:\doc\ylx_lx1001.doc
adding D:\doc\ylx_lx1101.doc
adding D:\doc\ylx_lx1201.doc
adding D:\doc\ylx_lx1301.doc
adding D:\doc\ylx_lx1401.doc
adding D:\doc\ylx_lx1501.doc
adding D:\doc\ylx_lx1601.doc
adding D:\doc\ylx_lx1701.doc
adding D:\doc\ylx_lx1801.doc
adding D:\doc\ylx_lx1901.doc
adding D:\doc\ylx_lx2001.doc
adding D:\doc\书签备份.html
errors occur in adding file D:\doc\吴钟警 2017春招 php开发工程师.doc
建立索引完成。
查询发生的发生成功，结果为0条。
查询发生的发生成功，结果为0条。
查询发送到发生的发生成功，结果为0条。
查询方式发送到发生的发生成功，结果为0条。
